<?xml version="1.0" encoding="UTF-8"?>
<!-- Generated by org.testng.reporters.JUnitReportReporter -->
<testsuite hostname="Jagdeep" failures="0" tests="1" name="com.automationPractice.Tests.HomePageTest" time="11.082" errors="0" timestamp="2022-04-01T00:36:25 EDT" skipped="0">
  <testcase classname="com.automationPractice.Tests.HomePageTest" name="verifySignInTest" time="11.082"/>
  <system-out/>
</testsuite> <!-- com.automationPractice.Tests.HomePageTest -->
