<?xml version="1.0" encoding="UTF-8"?>
<!-- Generated by org.testng.reporters.JUnitReportReporter -->
<testsuite hostname="Jagdeep" failures="0" tests="1" name="com.automationPractice.Tests.ShoppingPageTest" time="14.504" errors="0" timestamp="2022-04-01T00:38:08 EDT" skipped="0">
  <testcase classname="com.automationPractice.Tests.ShoppingPageTest" name="shopping" time="14.504"/>
  <system-out/>
</testsuite> <!-- com.automationPractice.Tests.ShoppingPageTest -->
