<?xml version="1.0" encoding="UTF-8"?>
<!-- Generated by org.testng.reporters.JUnitReportReporter -->
<testsuite hostname="Jagdeep" failures="0" tests="1" name="com.automationPractice.Tests.ContactUsPageTest" time="8.602" errors="0" timestamp="29 Mar. 2022 21:38:13 GMT" skipped="0">
  <testcase classname="com.automationPractice.Tests.ContactUsPageTest" name="verifyUserCansubmitContactUsForm" time="8.602"/>
</testsuite> <!-- com.automationPractice.Tests.ContactUsPageTest -->
