<?xml version="1.0" encoding="UTF-8"?>
<!-- Generated by org.testng.reporters.JUnitReportReporter -->
<testsuite hostname="Jagdeep" failures="0" tests="1" name="com.automationPractice.Tests.SignInPageTest" time="11.078" errors="0" timestamp="2022-04-01T00:37:34 EDT" skipped="0">
  <testcase classname="com.automationPractice.Tests.SignInPageTest" name="verifySignIn" time="11.078"/>
  <system-out/>
</testsuite> <!-- com.automationPractice.Tests.SignInPageTest -->
