<?xml version="1.0" encoding="UTF-8"?>
<!-- Generated by org.testng.reporters.JUnitReportReporter -->
<testsuite hostname="Jagdeep" failures="0" tests="2" name="com.automationPractice.Tests.MyAccountPageTest" time="19.407" errors="0" timestamp="2022-04-01T00:37:03 EDT" skipped="0">
  <testcase classname="com.automationPractice.Tests.MyAccountPageTest" name="shoppingPageClick" time="10.052"/>
  <system-out/>
  <testcase classname="com.automationPractice.Tests.MyAccountPageTest" name="verifyUserCanLogin" time="9.355"/>
  <system-out/>
</testsuite> <!-- com.automationPractice.Tests.MyAccountPageTest -->
